<?xml version="1.0" encoding="UTF-8"?>
<testng-results skipped="0" failed="1" total="2" passed="1">
  <reporter-output>
  </reporter-output>
  <suite name="Default suite" duration-ms="18899" started-at="2020-02-27T11:39:40Z" finished-at="2020-02-27T11:39:59Z">
    <groups>
    </groups>
    <test name="Default test" duration-ms="18899" started-at="2020-02-27T11:39:40Z" finished-at="2020-02-27T11:39:59Z">
      <class name="qbrainx.test.AdactinLogin">
        <test-method status="PASS" signature="browserLaunch()[pri:0, instance:qbrainx.test.AdactinLogin@649d209a]" name="browserLaunch" is-config="true" duration-ms="10109" started-at="2020-02-27T17:09:40Z" finished-at="2020-02-27T17:09:50Z">
          <reporter-output>
          </reporter-output>
        </test-method> <!-- browserLaunch -->
        <test-method status="PASS" signature="startTime()[pri:0, instance:qbrainx.test.AdactinLogin@649d209a]" name="startTime" is-config="true" duration-ms="5" started-at="2020-02-27T17:09:50Z" finished-at="2020-02-27T17:09:50Z">
          <reporter-output>
          </reporter-output>
        </test-method> <!-- startTime -->
        <test-method status="FAIL" signature="inValidtestCaseOne()[pri:0, instance:qbrainx.test.AdactinLogin@649d209a]" name="inValidtestCaseOne" duration-ms="2568" started-at="2020-02-27T17:09:50Z" finished-at="2020-02-27T17:09:53Z">
          <exception class="java.lang.NullPointerException">
            <full-stacktrace>
              <![CDATA[java.lang.NullPointerException
	at org.openqa.selenium.support.pagefactory.DefaultElementLocator.findElement(DefaultElementLocator.java:69)
	at org.openqa.selenium.support.pagefactory.internal.LocatingElementHandler.invoke(LocatingElementHandler.java:38)
	at com.sun.proxy.$Proxy10.click(Unknown Source)
	at qbrainx.test.UtilityClass.fill(UtilityClass.java:27)
	at qbrainx.test.AdactinLogin.inValidtestCaseOne(AdactinLogin.java:39)
	at sun.reflect.NativeMethodAccessorImpl.invoke0(Native Method)
	at sun.reflect.NativeMethodAccessorImpl.invoke(Unknown Source)
	at sun.reflect.DelegatingMethodAccessorImpl.invoke(Unknown Source)
	at java.lang.reflect.Method.invoke(Unknown Source)
	at org.testng.internal.MethodInvocationHelper.invokeMethod(MethodInvocationHelper.java:86)
	at org.testng.internal.Invoker.invokeMethod(Invoker.java:645)
	at org.testng.internal.Invoker.invokeTestMethod(Invoker.java:822)
	at org.testng.internal.Invoker.invokeTestMethods(Invoker.java:1130)
	at org.testng.internal.TestMethodWorker.invokeTestMethods(TestMethodWorker.java:129)
	at org.testng.internal.TestMethodWorker.run(TestMethodWorker.java:112)
	at org.testng.TestRunner.privateRun(TestRunner.java:782)
	at org.testng.TestRunner.run(TestRunner.java:632)
	at org.testng.SuiteRunner.runTest(SuiteRunner.java:366)
	at org.testng.SuiteRunner.runSequentially(SuiteRunner.java:361)
	at org.testng.SuiteRunner.privateRun(SuiteRunner.java:319)
	at org.testng.SuiteRunner.run(SuiteRunner.java:268)
	at org.testng.SuiteRunnerWorker.runSuite(SuiteRunnerWorker.java:52)
	at org.testng.SuiteRunnerWorker.run(SuiteRunnerWorker.java:86)
	at org.testng.TestNG.runSuitesSequentially(TestNG.java:1244)
	at org.testng.TestNG.runSuitesLocally(TestNG.java:1169)
	at org.testng.TestNG.run(TestNG.java:1064)
	at org.testng.remote.RemoteTestNG.run(RemoteTestNG.java:113)
	at org.testng.remote.RemoteTestNG.initAndRun(RemoteTestNG.java:206)
	at org.testng.remote.RemoteTestNG.main(RemoteTestNG.java:177)
]]>
            </full-stacktrace>
          </exception> <!-- java.lang.NullPointerException -->
          <reporter-output>
          </reporter-output>
        </test-method> <!-- inValidtestCaseOne -->
        <test-method status="PASS" signature="endTime()[pri:0, instance:qbrainx.test.AdactinLogin@649d209a]" name="endTime" is-config="true" duration-ms="6" started-at="2020-02-27T17:09:53Z" finished-at="2020-02-27T17:09:53Z">
          <reporter-output>
          </reporter-output>
        </test-method> <!-- endTime -->
        <test-method status="PASS" signature="startTime()[pri:0, instance:qbrainx.test.AdactinLogin@649d209a]" name="startTime" is-config="true" duration-ms="1" started-at="2020-02-27T17:09:53Z" finished-at="2020-02-27T17:09:53Z">
          <reporter-output>
          </reporter-output>
        </test-method> <!-- startTime -->
        <test-method status="PASS" signature="validtestCase()[pri:0, instance:qbrainx.test.AdactinLogin@649d209a]" name="validtestCase" duration-ms="573" started-at="2020-02-27T17:09:53Z" finished-at="2020-02-27T17:09:54Z">
          <reporter-output>
          </reporter-output>
        </test-method> <!-- validtestCase -->
        <test-method status="PASS" signature="endTime()[pri:0, instance:qbrainx.test.AdactinLogin@649d209a]" name="endTime" is-config="true" duration-ms="0" started-at="2020-02-27T17:09:54Z" finished-at="2020-02-27T17:09:54Z">
          <reporter-output>
          </reporter-output>
        </test-method> <!-- endTime -->
        <test-method status="PASS" signature="closeBrowser()[pri:0, instance:qbrainx.test.AdactinLogin@649d209a]" name="closeBrowser" is-config="true" duration-ms="5618" started-at="2020-02-27T17:09:54Z" finished-at="2020-02-27T17:09:59Z">
          <reporter-output>
          </reporter-output>
        </test-method> <!-- closeBrowser -->
      </class> <!-- qbrainx.test.AdactinLogin -->
    </test> <!-- Default test -->
  </suite> <!-- Default suite -->
</testng-results>
